# JRE version: Java(TM) SE Runtime Environment (8.0_181-b13) (build 1.8.0_181-b13)
# Java VM: Java HotSpot(TM) 64-Bit Server VM (25.181-b13 mixed mode windows-amd64 compressed oops)
Heap:
 PSYoungGen      total 442368K, used 102852K [0x00000000d5f00000, 0x00000000f2000000, 0x0000000100000000)
  eden space 425984K, 24% used [0x00000000d5f00000,0x00000000dc321250,0x00000000eff00000)
  from space 16384K, 1% used [0x00000000f1000000,0x00000000f1050000,0x00000000f2000000)
  to   space 16896K, 0% used [0x00000000eff00000,0x00000000eff00000,0x00000000f0f80000)
 ParOldGen       total 87552K, used 19461K [0x0000000081c00000, 0x0000000087180000, 0x00000000d5f00000)
  object space 87552K, 22% used [0x0000000081c00000,0x0000000082f01628,0x0000000087180000)
 Metaspace       used 13285K, capacity 13471K, committed 13568K, reserved 1060864K
  class space    used 1429K, capacity 1491K, committed 1536K, reserved 1048576K
GC Heap History (10 events):
Event: 2.400 GC heap before
{Heap before GC invocations=6 (full 0):
 PSYoungGen      total 71680K, used 71650K [0x00000000d5f00000, 0x00000000e0700000, 0x0000000100000000)
  eden space 66560K, 100% used [0x00000000d5f00000,0x00000000da000000,0x00000000da000000)
  from space 5120K, 99% used [0x00000000da000000,0x00000000da4f8950,0x00000000da500000)
  to   space 19456K, 0% used [0x00000000df400000,0x00000000df400000,0x00000000e0700000)
 ParOldGen       total 87552K, used 17688K [0x0000000081c00000, 0x0000000087180000, 0x00000000d5f00000)
  object space 87552K, 20% used [0x0000000081c00000,0x0000000082d46240,0x0000000087180000)
 Metaspace       used 12311K, capacity 12539K, committed 12800K, reserved 1060864K
  class space    used 1401K, capacity 1487K, committed 1536K, reserved 1048576K
Event: 2.408 GC heap after
Heap after GC invocations=6 (full 0):
 PSYoungGen      total 149504K, used 7846K [0x00000000d5f00000, 0x00000000e0400000, 0x0000000100000000)
  eden space 133120K, 0% used [0x00000000d5f00000,0x00000000d5f00000,0x00000000de100000)
  from space 16384K, 47% used [0x00000000df400000,0x00000000dfba9958,0x00000000e0400000)
  to   space 17920K, 0% used [0x00000000de100000,0x00000000de100000,0x00000000df280000)
 ParOldGen       total 87552K, used 17696K [0x0000000081c00000, 0x0000000087180000, 0x00000000d5f00000)
  object space 87552K, 20% used [0x0000000081c00000,0x0000000082d48240,0x0000000087180000)
 Metaspace       used 12311K, capacity 12539K, committed 12800K, reserved 1060864K
  class space    used 1401K, capacity 1487K, committed 1536K, reserved 1048576K
}
Event: 3.813 GC heap before
{Heap before GC invocations=7 (full 0):
 PSYoungGen      total 149504K, used 140966K [0x00000000d5f00000, 0x00000000e0400000, 0x0000000100000000)
  eden space 133120K, 100% used [0x00000000d5f00000,0x00000000de100000,0x00000000de100000)
  from space 16384K, 47% used [0x00000000df400000,0x00000000dfba9958,0x00000000e0400000)
  to   space 17920K, 0% used [0x00000000de100000,0x00000000de100000,0x00000000df280000)
 ParOldGen       total 87552K, used 17696K [0x0000000081c00000, 0x0000000087180000, 0x00000000d5f00000)
  object space 87552K, 20% used [0x0000000081c00000,0x0000000082d48240,0x0000000087180000)
 Metaspace       used 12484K, capacity 12667K, committed 12800K, reserved 1060864K
  class space    used 1408K, capacity 1487K, committed 1536K, reserved 1048576K
Event: 3.817 GC heap after
Heap after GC invocations=7 (full 0):
 PSYoungGen      total 151040K, used 192K [0x00000000d5f00000, 0x00000000e8600000, 0x0000000100000000)
  eden space 133120K, 0% used [0x00000000d5f00000,0x00000000d5f00000,0x00000000de100000)
  from space 17920K, 1% used [0x00000000de100000,0x00000000de130000,0x00000000df280000)
  to   space 17920K, 0% used [0x00000000e7480000,0x00000000e7480000,0x00000000e8600000)
 ParOldGen       total 87552K, used 19309K [0x0000000081c00000, 0x0000000087180000, 0x00000000d5f00000)
  object space 87552K, 22% used [0x0000000081c00000,0x0000000082edb628,0x0000000087180000)
 Metaspace       used 12484K, capacity 12667K, committed 12800K, reserved 1060864K
  class space    used 1408K, capacity 1487K, committed 1536K, reserved 1048576K
}
Event: 10.329 GC heap before
{Heap before GC invocations=8 (full 0):
 PSYoungGen      total 151040K, used 133312K [0x00000000d5f00000, 0x00000000e8600000, 0x0000000100000000)
  eden space 133120K, 100% used [0x00000000d5f00000,0x00000000de100000,0x00000000de100000)
  from space 17920K, 1% used [0x00000000de100000,0x00000000de130000,0x00000000df280000)
  to   space 17920K, 0% used [0x00000000e7480000,0x00000000e7480000,0x00000000e8600000)
 ParOldGen       total 87552K, used 19309K [0x0000000081c00000, 0x0000000087180000, 0x00000000d5f00000)
  object space 87552K, 22% used [0x0000000081c00000,0x0000000082edb628,0x0000000087180000)
 Metaspace       used 12562K, capacity 12731K, committed 13056K, reserved 1060864K
  class space    used 1408K, capacity 1487K, committed 1536K, reserved 1048576K
Event: 10.330 GC heap after
Heap after GC invocations=8 (full 0):
 PSYoungGen      total 284160K, used 160K [0x00000000d5f00000, 0x00000000e8600000, 0x0000000100000000)
  eden space 266240K, 0% used [0x00000000d5f00000,0x00000000d5f00000,0x00000000e6300000)
  from space 17920K, 0% used [0x00000000e7480000,0x00000000e74a8000,0x00000000e8600000)
  to   space 17920K, 0% used [0x00000000e6300000,0x00000000e6300000,0x00000000e7480000)
 ParOldGen       total 87552K, used 19333K [0x0000000081c00000, 0x0000000087180000, 0x00000000d5f00000)
  object space 87552K, 22% used [0x0000000081c00000,0x0000000082ee1628,0x0000000087180000)
 Metaspace       used 12562K, capacity 12731K, committed 13056K, reserved 1060864K
  class space    used 1408K, capacity 1487K, committed 1536K, reserved 1048576K
}
Event: 21.095 GC heap before
{Heap before GC invocations=9 (full 0):
 PSYoungGen      total 284160K, used 266400K [0x00000000d5f00000, 0x00000000e8600000, 0x0000000100000000)
  eden space 266240K, 100% used [0x00000000d5f00000,0x00000000e6300000,0x00000000e6300000)
  from space 17920K, 0% used [0x00000000e7480000,0x00000000e74a8000,0x00000000e8600000)
  to   space 17920K, 0% used [0x00000000e6300000,0x00000000e6300000,0x00000000e7480000)
 ParOldGen       total 87552K, used 19333K [0x0000000081c00000, 0x0000000087180000, 0x00000000d5f00000)
  object space 87552K, 22% used [0x0000000081c00000,0x0000000082ee1628,0x0000000087180000)
 Metaspace       used 12564K, capacity 12731K, committed 13056K, reserved 1060864K
  class space    used 1408K, capacity 1487K, committed 1536K, reserved 1048576K
Event: 21.097 GC heap after
Heap after GC invocations=9 (full 0):
 PSYoungGen      total 284160K, used 320K [0x00000000d5f00000, 0x00000000f2100000, 0x0000000100000000)
  eden space 266240K, 0% used [0x00000000d5f00000,0x00000000d5f00000,0x00000000e6300000)
  from space 17920K, 1% used [0x00000000e6300000,0x00000000e6350000,0x00000000e7480000)
  to   space 17408K, 0% used [0x00000000f1000000,0x00000000f1000000,0x00000000f2100000)
 ParOldGen       total 87552K, used 19341K [0x0000000081c00000, 0x0000000087180000, 0x00000000d5f00000)
  object space 87552K, 22% used [0x0000000081c00000,0x0000000082ee3628,0x0000000087180000)
 Metaspace       used 12564K, capacity 12731K, committed 13056K, reserved 1060864K
  class space    used 1408K, capacity 1487K, committed 1536K, reserved 1048576K
}
Event: 31.869 GC heap before
{Heap before GC invocations=10 (full 0):
 PSYoungGen      total 284160K, used 266560K [0x00000000d5f00000, 0x00000000f2100000, 0x0000000100000000)
  eden space 266240K, 100% used [0x00000000d5f00000,0x00000000e6300000,0x00000000e6300000)
  from space 17920K, 1% used [0x00000000e6300000,0x00000000e6350000,0x00000000e7480000)
  to   space 17408K, 0% used [0x00000000f1000000,0x00000000f1000000,0x00000000f2100000)
 ParOldGen       total 87552K, used 19341K [0x0000000081c00000, 0x0000000087180000, 0x00000000d5f00000)
  object space 87552K, 22% used [0x0000000081c00000,0x0000000082ee3628,0x0000000087180000)
 Metaspace       used 12565K, capacity 12731K, committed 13056K, reserved 1060864K
  class space    used 1408K, capacity 1487K, committed 1536K, reserved 1048576K
Event: 31.871 GC heap after
Heap after GC invocations=10 (full 0):
 PSYoungGen      total 442368K, used 320K [0x00000000d5f00000, 0x00000000f2000000, 0x0000000100000000)
  eden space 425984K, 0% used [0x00000000d5f00000,0x00000000d5f00000,0x00000000eff00000)
  from space 16384K, 1% used [0x00000000f1000000,0x00000000f1050000,0x00000000f2000000)
  to   space 16896K, 0% used [0x00000000eff00000,0x00000000eff00000,0x00000000f0f80000)
 ParOldGen       total 87552K, used 19461K [0x0000000081c00000, 0x0000000087180000, 0x00000000d5f00000)
  object space 87552K, 22% used [0x0000000081c00000,0x0000000082f01628,0x0000000087180000)
 Metaspace       used 12565K, capacity 12731K, committed 13056K, reserved 1060864K
  class space    used 1408K, capacity 1487K, committed 1536K, reserved 1048576K
}

